dataset: /home/dongsijun/scratch/CDdata/SYSU-CD
model_name: SNRNet
model_type: cd
model_arch: SEED
mode: train
resume_path: None
exp_name: SNRNet_SYSU
batch_size: 12
num_workers: 8
resize_size: 1
src_size: 256
crop_size: 256
overlap: 128
pred_idx: 1
num_classes: 2
loss_type: ce
loss_weights: [1.0, 1.0]
lr: 0.0003
min_lr: 3e-05
warmup: 3000
max_epochs: None
max_steps: 30000
early_stop: 80
check_val_every_n_epoch: None
val_check_interval: 1000
val_vis_num: 0
comet: False
save_test_results: test_results
accelerator: gpu
devices: 2
strategy: ddp
precision: 16
Train Data Augmentation Information:
  [0] AdvancedBlur(p=0.5, beta_limit=(0.5, 8.0), blur_limit=(3, 7), noise_limit=(0.9, 1.1), rotate_limit=(-90.0, 90.0), sigma_x_limit=(0.2, 1.0), sigma_y_limit=(0.2, 1.0))
  [1] ColorJitter(p=0.5, brightness=(0.8, 1.2), contrast=(0.8, 1.2), hue=(-0.1, 0.1), saturation=(0.8, 1.2))
  [2] Illumination(p=0.5, angle_range=(0.0, 360.0), center_range=(0.1, 0.9), effect_type='both', intensity_range=(0.01, 0.1), mode='linear', sigma_range=(0.2, 1.0))
  [3] Sharpen(p=0.5, alpha=(0.05, 0.2), kernel_size=5, lightness=(0.5, 1.0), method='kernel', sigma=1.0)
  [4] GridDistortion(p=0.5, border_mode=0, distort_limit=(-0.15, 0.15), fill=0.0, fill_mask=0.0, interpolation=1, keypoint_remapping_method='mask', mask_interpolation=0, normalized=True, num_steps=5)
  [5] D4(p=1.0)
  [6] Rotate(p=0.5, border_mode=0, crop_border=False, fill=0.0, fill_mask=0.0, interpolation=1, limit=(-30.0, 30.0), mask_interpolation=0, rotate_method='largest_box')
  [7] Normalize(p=1.0, max_pixel_value=255.0, mean=(0.485, 0.456, 0.406), normalization='standard', std=(0.229, 0.224, 0.225))
  [8] ToTensorV2(p=1.0, transpose_mask=False)
Test Data Augmentation Information:
  [0] Normalize(p=1.0, max_pixel_value=255.0, mean=(0.485, 0.456, 0.406), normalization='standard', std=(0.229, 0.224, 0.225))
  [1] ToTensorV2(p=1.0, transpose_mask=False)
┏━━━┳━━━━━━━━━━━━━━━━━━━━━━━┳━━━━━━━━━━┳━━━━━━━━┳━━━━━━━┳━━━━━━━━━━━┳━━━━━━━━━━┓
┃   ┃                       ┃          ┃        ┃       ┃           ┃      Out ┃
┃   ┃ Name                  ┃ Type     ┃ Params ┃ Mode  ┃  In sizes ┃    sizes ┃
┡━━━╇━━━━━━━━━━━━━━━━━━━━━━━╇━━━━━━━━━━╇━━━━━━━━╇━━━━━━━╇━━━━━━━━━━━╇━━━━━━━━━━┩
│ 0 │ change_detection      │ SNRNet   │ 96.9 M │ train │   [[2, 3, │  [[2, 2, │
│   │                       │          │        │       │      256, │     256, │
│   │                       │          │        │       │ 256], [2, │    256], │
│   │                       │          │        │       │   3, 256, │   [2, 2, │
│   │                       │          │        │       │     256]] │     256, │
│   │                       │          │        │       │           │    256]] │
│ 1 │ val_confusion_matrix  │ Multicl… │      0 │ train │         ? │        ? │
│ 2 │ test_confusion_matrix │ Multicl… │      0 │ train │         ? │        ? │
│ 3 │ criterion             │ CrossEn… │      0 │ train │         ? │        ? │
└───┴───────────────────────┴──────────┴────────┴───────┴───────────┴──────────┘
Trainable params: 96.9 M                                                        
Non-trainable params: 0                                                         
Total params: 96.9 M                                                            
Total estimated model params size (MB): 387                                     
Modules in train mode: 801                                                      
Modules in eval mode: 0                                                         
dataset: /home/dongsijun/scratch/CDdata/SYSU-CD
model_name: SNRNet
model_type: cd
model_arch: SEED
mode: train
resume_path: None
exp_name: SNRNet_SYSU
batch_size: 12
num_workers: 8
resize_size: 1
src_size: 256
crop_size: 256
overlap: 128
pred_idx: 1
num_classes: 2
loss_type: ce
loss_weights: [1.0, 1.0]
lr: 0.0003
min_lr: 3e-05
warmup: 3000
max_epochs: None
max_steps: 30000
early_stop: 80
check_val_every_n_epoch: None
val_check_interval: 1000
val_vis_num: 0
comet: False
save_test_results: test_results
accelerator: gpu
devices: 2
strategy: ddp
precision: 16
Train Data Augmentation Information:
  [0] AdvancedBlur(p=0.5, beta_limit=(0.5, 8.0), blur_limit=(3, 7), noise_limit=(0.9, 1.1), rotate_limit=(-90.0, 90.0), sigma_x_limit=(0.2, 1.0), sigma_y_limit=(0.2, 1.0))
  [1] ColorJitter(p=0.5, brightness=(0.8, 1.2), contrast=(0.8, 1.2), hue=(-0.1, 0.1), saturation=(0.8, 1.2))
  [2] Illumination(p=0.5, angle_range=(0.0, 360.0), center_range=(0.1, 0.9), effect_type='both', intensity_range=(0.01, 0.1), mode='linear', sigma_range=(0.2, 1.0))
  [3] Sharpen(p=0.5, alpha=(0.05, 0.2), kernel_size=5, lightness=(0.5, 1.0), method='kernel', sigma=1.0)
  [4] GridDistortion(p=0.5, border_mode=0, distort_limit=(-0.15, 0.15), fill=0.0, fill_mask=0.0, interpolation=1, keypoint_remapping_method='mask', mask_interpolation=0, normalized=True, num_steps=5)
  [5] D4(p=1.0)
  [6] Rotate(p=0.5, border_mode=0, crop_border=False, fill=0.0, fill_mask=0.0, interpolation=1, limit=(-30.0, 30.0), mask_interpolation=0, rotate_method='largest_box')
  [7] Normalize(p=1.0, max_pixel_value=255.0, mean=(0.485, 0.456, 0.406), normalization='standard', std=(0.229, 0.224, 0.225))
  [8] ToTensorV2(p=1.0, transpose_mask=False)
Test Data Augmentation Information:
  [0] Normalize(p=1.0, max_pixel_value=255.0, mean=(0.485, 0.456, 0.406), normalization='standard', std=(0.229, 0.224, 0.225))
  [1] ToTensorV2(p=1.0, transpose_mask=False)
Epoch 0/-2 ━━━━━━━━━━━━━━━━ 500/500 0:05:17 • 0:00:00 1.62it/s v_num: 0.000     
                                                               train_loss_step: 
                                                               0.199            
                                                               train_loss_epoch:
                                                               0.276            
Epoch 1/-2 ━━━━━━━━━━━━━━━━ 500/500 0:05:17 • 0:00:00 1.62it/s v_num: 0.000     
                                                               train_loss_step: 
                                                               0.163            
                                                               train_loss_epoch:
                                                               0.182 val_loss:  
                                                               0.226 val_oa:    
                                                               0.912 val_iou:   
                                                               0.657 val_f1:    
                                                               0.793 val_recall:
                                                               0.783            
                                                               val_precision:   
                                                               0.802            
Epoch 2/-2 ━━━━━━━━━━━━━━━━ 500/500 0:05:18 • 0:00:00 1.61it/s v_num: 0.000     
                                                               train_loss_step: 
                                                               0.160            
                                                               train_loss_epoch:
                                                               0.148 val_loss:  
                                                               0.226 val_oa:    
                                                               0.912 val_iou:   
                                                               0.657 val_f1:    
                                                               0.793 val_recall:
                                                               0.783            
                                                               val_precision:   
                                                               0.802            
Epoch 3/-2 ━━━━━━━━━━━━━━━━ 500/500 0:05:16 • 0:00:00 1.62it/s v_num: 0.000     
                                                               train_loss_step: 
                                                               0.157            
                                                               train_loss_epoch:
                                                               0.134 val_loss:  
                                                               0.223 val_oa:    
                                                               0.911 val_iou:   
                                                               0.647 val_f1:    
                                                               0.785 val_recall:
                                                               0.760            
                                                               val_precision:   
                                                               0.812            
Epoch 4/-2 ━━━━━━━━━━━━━━━━ 500/500 0:05:15 • 0:00:00 1.62it/s v_num: 0.000     
                                                               train_loss_step: 
                                                               0.117            
                                                               train_loss_epoch:
                                                               0.123 val_loss:  
                                                               0.223 val_oa:    
                                                               0.911 val_iou:   
                                                               0.647 val_f1:    
                                                               0.785 val_recall:
                                                               0.760            
                                                               val_precision:   
                                                               0.812            
Epoch 5/-2 ━━━━━━━━━━━━━━━━ 500/500 0:05:13 • 0:00:00 1.62it/s v_num: 0.000     
                                                               train_loss_step: 
                                                               0.147            
                                                               train_loss_epoch:
                                                               0.121 val_loss:  
                                                               0.331 val_oa:    
                                                               0.892 val_iou:   
                                                               0.544 val_f1:    
                                                               0.705 val_recall:
                                                               0.596            
                                                               val_precision:   
                                                               0.862            
Epoch 6/-2 ━━━━━━━━━━━━━━━━ 500/500 0:05:13 • 0:00:00 1.56it/s v_num: 0.000     
                                                               train_loss_step: 
                                                               0.236            
                                                               train_loss_epoch:
                                                               0.107 val_loss:  
                                                               0.331 val_oa:    
                                                               0.892 val_iou:   
                                                               0.544 val_f1:    
                                                               0.705 val_recall:
                                                               0.596            
                                                               val_precision:   
                                                               0.862            
Epoch 7/-2 ━━━━━━━━━━━━━━━━ 500/500 0:05:14 • 0:00:00 1.63it/s v_num: 0.000     
                                                               train_loss_step: 
                                                               0.108            
                                                               train_loss_epoch:
                                                               0.094 val_loss:  
                                                               0.255 val_oa:    
                                                               0.907 val_iou:   
                                                               0.619 val_f1:    
                                                               0.764 val_recall:
                                                               0.698            
                                                               val_precision:   
                                                               0.844            
Epoch 8/-2 ━━━━━━━━━━━━━━━━ 500/500 0:05:12 • 0:00:00 1.62it/s v_num: 0.000     
                                                               train_loss_step: 
                                                               0.065            
                                                               train_loss_epoch:
                                                               0.085 val_loss:  
                                                               0.255 val_oa:    
                                                               0.907 val_iou:   
                                                               0.619 val_f1:    
                                                               0.764 val_recall:
                                                               0.698            
                                                               val_precision:   
                                                               0.844            
Epoch 9/-2 ━━━━━━━━━━━━━━━━ 500/500 0:05:15 • 0:00:00 1.62it/s v_num: 0.000     
                                                               train_loss_step: 
                                                               0.079            
                                                               train_loss_epoch:
                                                               0.073 val_loss:  
                                                               0.321 val_oa:    
                                                               0.907 val_iou:   
                                                               0.623 val_f1:    
                                                               0.768 val_recall:
                                                               0.717            
                                                               val_precision:   
                                                               0.826            
Epoch 10/-2 ━━━━━━━━━━━━━━━━ 500/500 0:05:15 •        1.60it/s v_num: 0.000     
                                     0:00:00                   train_loss_step: 
                                                               0.052            
                                                               train_loss_epoch:
                                                               0.066 val_loss:  
                                                               0.321 val_oa:    
                                                               0.907 val_iou:   
                                                               0.623 val_f1:    
                                                               0.768 val_recall:
                                                               0.717            
                                                               val_precision:   
                                                               0.826            
Epoch 11/-2 ━━━━━━━━━━━━━━━━ 500/500 0:05:18 •        1.62it/s v_num: 0.000     
                                     0:00:00                   train_loss_step: 
                                                               0.070            
                                                               train_loss_epoch:
                                                               0.056 val_loss:  
                                                               0.333 val_oa:    
                                                               0.913 val_iou:   
                                                               0.638 val_f1:    
                                                               0.779 val_recall:
                                                               0.713            
                                                               val_precision:   
                                                               0.858            
Epoch 12/-2 ━━━━━━━━━━━━━━━━ 500/500 0:05:14 •        1.54it/s v_num: 0.000     
                                     0:00:00                   train_loss_step: 
                                                               0.042            
                                                               train_loss_epoch:
                                                               0.056 val_loss:  
                                                               0.333 val_oa:    
                                                               0.913 val_iou:   
                                                               0.638 val_f1:    
                                                               0.779 val_recall:
                                                               0.713            
                                                               val_precision:   
                                                               0.858            
Epoch 13/-2 ━━━━━━━━━━━━━━━━ 500/500 0:05:16 •        1.54it/s v_num: 0.000     
                                     0:00:00                   train_loss_step: 
                                                               0.051            
                                                               train_loss_epoch:
                                                               0.052 val_loss:  
                                                               0.324 val_oa:    
                                                               0.912 val_iou:   
                                                               0.633 val_f1:    
                                                               0.775 val_recall:
                                                               0.710            
                                                               val_precision:   
                                                               0.855            
Epoch 14/-2 ━━━━━━━━━━━━━━━━ 500/500 0:05:14 •        1.63it/s v_num: 0.000     
                                     0:00:00                   train_loss_step: 
                                                               0.045            
                                                               train_loss_epoch:
                                                               0.048 val_loss:  
                                                               0.324 val_oa:    
                                                               0.912 val_iou:   
                                                               0.633 val_f1:    
                                                               0.775 val_recall:
                                                               0.710            
                                                               val_precision:   
                                                               0.855            
Epoch 15/-2 ━━━━━━━━━━━━━━━━ 500/500 0:05:17 •        1.59it/s v_num: 0.000     
                                     0:00:00                   train_loss_step: 
                                                               0.038            
                                                               train_loss_epoch:
                                                               0.042 val_loss:  
                                                               0.319 val_oa:    
                                                               0.915 val_iou:   
                                                               0.659 val_f1:    
                                                               0.795 val_recall:
                                                               0.759            
                                                               val_precision:   
                                                               0.833            
Epoch 16/-2 ━━━━━━━━━━━━━━━━ 500/500 0:05:11 •        1.64it/s v_num: 0.000     
                                     0:00:00                   train_loss_step: 
                                                               0.029            
                                                               train_loss_epoch:
                                                               0.041 val_loss:  
                                                               0.319 val_oa:    
                                                               0.915 val_iou:   
                                                               0.659 val_f1:    
                                                               0.795 val_recall:
                                                               0.759            
                                                               val_precision:   
                                                               0.833            
Epoch 17/-2 ━━━━━━━━━━━━━━━━ 500/500 0:05:14 •        1.61it/s v_num: 0.000     
                                     0:00:00                   train_loss_step: 
                                                               0.030            
                                                               train_loss_epoch:
                                                               0.038 val_loss:  
                                                               0.353 val_oa:    
                                                               0.917 val_iou:   
                                                               0.671 val_f1:    
                                                               0.803 val_recall:
                                                               0.788            
                                                               val_precision:   
                                                               0.819            
Epoch 18/-2 ━━━━━━━━━━━━━━━━ 500/500 0:05:12 •        1.64it/s v_num: 0.000     
                                     0:00:00                   train_loss_step: 
                                                               0.031            
                                                               train_loss_epoch:
                                                               0.036 val_loss:  
                                                               0.353 val_oa:    
                                                               0.917 val_iou:   
                                                               0.671 val_f1:    
                                                               0.803 val_recall:
                                                               0.788            
                                                               val_precision:   
                                                               0.819            
Epoch 19/-2 ━━━━━━━━━━━━━━━━ 500/500 0:05:15 •        1.61it/s v_num: 0.000     
                                     0:00:00                   train_loss_step: 
                                                               0.032            
                                                               train_loss_epoch:
                                                               0.033 val_loss:  
                                                               0.426 val_oa:    
                                                               0.914 val_iou:   
                                                               0.647 val_f1:    
                                                               0.786 val_recall:
                                                               0.735            
                                                               val_precision:   
                                                               0.844            
Epoch 20/-2 ━━━━━━━━━━━━━━━━ 500/500 0:05:15 •        1.60it/s v_num: 0.000     
                                     0:00:00                   train_loss_step: 
                                                               0.032            
                                                               train_loss_epoch:
                                                               0.031 val_loss:  
                                                               0.426 val_oa:    
                                                               0.914 val_iou:   
                                                               0.647 val_f1:    
                                                               0.786 val_recall:
                                                               0.735            
                                                               val_precision:   
                                                               0.844            
Epoch 21/-2 ━━━━━━━━━━━━━━━━ 500/500 0:05:10 •        1.60it/s v_num: 0.000     
                                     0:00:00                   train_loss_step: 
                                                               0.032            
                                                               train_loss_epoch:
                                                               0.032 val_loss:  
                                                               0.386 val_oa:    
                                                               0.917 val_iou:   
                                                               0.671 val_f1:    
                                                               0.803 val_recall:
                                                               0.784            
                                                               val_precision:   
                                                               0.823            
Epoch 22/-2 ━━━━━━━━━━━━━━━━ 500/500 0:05:11 •        1.59it/s v_num: 0.000     
                                     0:00:00                   train_loss_step: 
                                                               0.023            
                                                               train_loss_epoch:
                                                               0.029 val_loss:  
                                                               0.386 val_oa:    
                                                               0.917 val_iou:   
                                                               0.671 val_f1:    
                                                               0.803 val_recall:
                                                               0.784            
                                                               val_precision:   
                                                               0.823            
Epoch 23/-2 ━━━━━━━━━━━━━━━━ 500/500 0:05:16 •        1.59it/s v_num: 0.000     
                                     0:00:00                   train_loss_step: 
                                                               0.029            
                                                               train_loss_epoch:
                                                               0.027 val_loss:  
                                                               0.449 val_oa:    
                                                               0.913 val_iou:   
                                                               0.644 val_f1:    
                                                               0.783 val_recall:
                                                               0.728            
                                                               val_precision:   
                                                               0.849            
Epoch 24/-2 ━━━━━━━━━━━━━━━━ 500/500 0:05:15 •        1.61it/s v_num: 0.000     
                                     0:00:00                   train_loss_step: 
                                                               0.019            
                                                               train_loss_epoch:
                                                               0.025 val_loss:  
                                                               0.449 val_oa:    
                                                               0.913 val_iou:   
                                                               0.644 val_f1:    
                                                               0.783 val_recall:
                                                               0.728            
                                                               val_precision:   
                                                               0.849            
Epoch 25/-2 ━━━━━━━━━━━━━━━━ 500/500 0:05:17 •        1.55it/s v_num: 0.000     
                                     0:00:00                   train_loss_step: 
                                                               0.025            
                                                               train_loss_epoch:
                                                               0.024 val_loss:  
                                                               0.514 val_oa:    
                                                               0.912 val_iou:   
                                                               0.634 val_f1:    
                                                               0.776 val_recall:
                                                               0.709            
                                                               val_precision:   
                                                               0.857            
Epoch 26/-2 ━━━━━━━━━━━━━━━━ 500/500 0:05:12 •        1.60it/s v_num: 0.000     
                                     0:00:00                   train_loss_step: 
                                                               0.019            
                                                               train_loss_epoch:
                                                               0.023 val_loss:  
                                                               0.514 val_oa:    
                                                               0.912 val_iou:   
                                                               0.634 val_f1:    
                                                               0.776 val_recall:
                                                               0.709            
                                                               val_precision:   
                                                               0.857            
Epoch 27/-2 ━━━━━━━━━━━━━━━━ 500/500 0:05:15 •        1.61it/s v_num: 0.000     
                                     0:00:00                   train_loss_step: 
                                                               0.027            
                                                               train_loss_epoch:
                                                               0.022 val_loss:  
                                                               0.482 val_oa:    
                                                               0.917 val_iou:   
                                                               0.661 val_f1:    
                                                               0.796 val_recall:
                                                               0.754            
                                                               val_precision:   
                                                               0.842            
Epoch 28/-2 ━━━━━━━━━━━━━━━━ 500/500 0:05:12 •        1.64it/s v_num: 0.000     
                                     0:00:00                   train_loss_step: 
                                                               0.020            
                                                               train_loss_epoch:
                                                               0.022 val_loss:  
                                                               0.482 val_oa:    
                                                               0.917 val_iou:   
                                                               0.661 val_f1:    
                                                               0.796 val_recall:
                                                               0.754            
                                                               val_precision:   
                                                               0.842            
Epoch 29/-2 ━━━━━━━━━━━━━━━━ 500/500 0:05:12 •        1.61it/s v_num: 0.000     
                                     0:00:00                   train_loss_step: 
                                                               0.019            
                                                               train_loss_epoch:
                                                               0.021 val_loss:  
                                                               0.553 val_oa:    
                                                               0.913 val_iou:   
                                                               0.646 val_f1:    
                                                               0.785 val_recall:
                                                               0.739            
                                                               val_precision:   
                                                               0.837            
Epoch 30/-2 ━━━━━━━━━━━━━━━━ 500/500 0:05:15 •        1.53it/s v_num: 0.000     
                                     0:00:00                   train_loss_step: 
                                                               0.013            
                                                               train_loss_epoch:
                                                               0.020 val_loss:  
                                                               0.553 val_oa:    
                                                               0.913 val_iou:   
                                                               0.646 val_f1:    
                                                               0.785 val_recall:
                                                               0.739            
                                                               val_precision:   
                                                               0.837            
Epoch 31/-2 ━━━━━━━━━━━━━━━━ 500/500 0:05:15 •        1.60it/s v_num: 0.000     
                                     0:00:00                   train_loss_step: 
                                                               0.016            
                                                               train_loss_epoch:
                                                               0.019 val_loss:  
                                                               0.574 val_oa:    
                                                               0.914 val_iou:   
                                                               0.648 val_f1:    
                                                               0.786 val_recall:
                                                               0.738            
                                                               val_precision:   
                                                               0.841            
Epoch 32/-2 ━━━━━━━━━━━━━━━━ 500/500 0:05:10 •        1.62it/s v_num: 0.000     
                                     0:00:00                   train_loss_step: 
                                                               0.020            
                                                               train_loss_epoch:
                                                               0.019 val_loss:  
                                                               0.574 val_oa:    
                                                               0.914 val_iou:   
                                                               0.648 val_f1:    
                                                               0.786 val_recall:
                                                               0.738            
                                                               val_precision:   
                                                               0.841            
Epoch 33/-2 ━━━━━━━━━━━━━━━━ 500/500 0:05:14 •        1.59it/s v_num: 0.000     
                                     0:00:00                   train_loss_step: 
                                                               0.022            
                                                               train_loss_epoch:
                                                               0.019 val_loss:  
                                                               0.580 val_oa:    
                                                               0.913 val_iou:   
                                                               0.642 val_f1:    
                                                               0.782 val_recall:
                                                               0.726            
                                                               val_precision:   
                                                               0.848            
Epoch 34/-2 ━━━━━━━━━━━━━━━━ 500/500 0:05:12 •        1.58it/s v_num: 0.000     
                                     0:00:00                   train_loss_step: 
                                                               0.022            
                                                               train_loss_epoch:
                                                               0.018 val_loss:  
                                                               0.580 val_oa:    
                                                               0.913 val_iou:   
                                                               0.642 val_f1:    
                                                               0.782 val_recall:
                                                               0.726            
                                                               val_precision:   
                                                               0.848            
Epoch 35/-2 ━━━━━━━━━━━━━━━━ 500/500 0:05:16 •        1.62it/s v_num: 0.000     
                                     0:00:00                   train_loss_step: 
                                                               0.013            
                                                               train_loss_epoch:
                                                               0.018 val_loss:  
                                                               0.615 val_oa:    
                                                               0.914 val_iou:   
                                                               0.651 val_f1:    
                                                               0.788 val_recall:
                                                               0.741            
                                                               val_precision:   
                                                               0.843            
Epoch 36/-2 ━━━━━━━━━━━━━━━━ 500/500 0:05:16 •        1.62it/s v_num: 0.000     
                                     0:00:00                   train_loss_step: 
                                                               0.017            
                                                               train_loss_epoch:
                                                               0.017 val_loss:  
                                                               0.615 val_oa:    
                                                               0.914 val_iou:   
                                                               0.651 val_f1:    
                                                               0.788 val_recall:
                                                               0.741            
                                                               val_precision:   
                                                               0.843            
Epoch 37/-2 ━━━━━━━━━━━━━━━━ 500/500 0:05:13 •        1.62it/s v_num: 0.000     
                                     0:00:00                   train_loss_step: 
                                                               0.016            
                                                               train_loss_epoch:
                                                               0.017 val_loss:  
                                                               0.659 val_oa:    
                                                               0.913 val_iou:   
                                                               0.637 val_f1:    
                                                               0.778 val_recall:
                                                               0.709            
                                                               val_precision:   
                                                               0.862            
Epoch 38/-2 ━━━━━━━━━━━━━━━━ 500/500 0:05:15 •        1.60it/s v_num: 0.000     
                                     0:00:00                   train_loss_step: 
                                                               0.019            
                                                               train_loss_epoch:
                                                               0.017 val_loss:  
                                                               0.659 val_oa:    
                                                               0.913 val_iou:   
                                                               0.637 val_f1:    
                                                               0.778 val_recall:
                                                               0.709            
                                                               val_precision:   
                                                               0.862            
Epoch 39/-2 ━━━━━━━━━━━━━━━━ 500/500 0:05:15 •        1.58it/s v_num: 0.000     
                                     0:00:00                   train_loss_step: 
                                                               0.018            
                                                               train_loss_epoch:
                                                               0.017 val_loss:  
                                                               0.602 val_oa:    
                                                               0.914 val_iou:   
                                                               0.650 val_f1:    
                                                               0.788 val_recall:
                                                               0.739            
                                                               val_precision:   
                                                               0.843            
Epoch 40/-2 ━━━━━━━━━━━━━━━━ 500/500 0:05:12 •        1.61it/s v_num: 0.000     
                                     0:00:00                   train_loss_step: 
                                                               0.018            
                                                               train_loss_epoch:
                                                               0.016 val_loss:  
                                                               0.602 val_oa:    
                                                               0.914 val_iou:   
                                                               0.650 val_f1:    
                                                               0.788 val_recall:
                                                               0.739            
                                                               val_precision:   
                                                               0.843            
Epoch 41/-2 ━━━━━━━━━━━━━━━━ 500/500 0:05:13 •        1.61it/s v_num: 0.000     
                                     0:00:00                   train_loss_step: 
                                                               0.015            
                                                               train_loss_epoch:
                                                               0.016 val_loss:  
                                                               0.625 val_oa:    
                                                               0.915 val_iou:   
                                                               0.653 val_f1:    
                                                               0.790 val_recall:
                                                               0.743            
                                                               val_precision:   
                                                               0.844            
Epoch 42/-2 ━━━━━━━━━━━━━━━━ 500/500 0:05:16 •        1.59it/s v_num: 0.000     
                                     0:00:00                   train_loss_step: 
                                                               0.015            
                                                               train_loss_epoch:
                                                               0.016 val_loss:  
                                                               0.625 val_oa:    
                                                               0.915 val_iou:   
                                                               0.653 val_f1:    
                                                               0.790 val_recall:
                                                               0.743            
                                                               val_precision:   
                                                               0.844            
Epoch 43/-2 ━━━━━━━━━━━━━━━━ 500/500 0:05:15 •        1.61it/s v_num: 0.000     
                                     0:00:00                   train_loss_step: 
                                                               0.015            
                                                               train_loss_epoch:
                                                               0.016 val_loss:  
                                                               0.669 val_oa:    
                                                               0.913 val_iou:   
                                                               0.641 val_f1:    
                                                               0.781 val_recall:
                                                               0.719            
                                                               val_precision:   
                                                               0.854            
Epoch 44/-2 ━━━━━━━━━━━━━━━━ 500/500 0:05:16 •        1.58it/s v_num: 0.000     
                                     0:00:00                   train_loss_step: 
                                                               0.014            
                                                               train_loss_epoch:
                                                               0.015 val_loss:  
                                                               0.669 val_oa:    
                                                               0.913 val_iou:   
                                                               0.641 val_f1:    
                                                               0.781 val_recall:
                                                               0.719            
                                                               val_precision:   
                                                               0.854            
Epoch 45/-2 ━━━━━━━━━━━━━━━━ 500/500 0:05:18 •        1.63it/s v_num: 0.000     
                                     0:00:00                   train_loss_step: 
                                                               0.017            
                                                               train_loss_epoch:
                                                               0.015 val_loss:  
                                                               0.658 val_oa:    
                                                               0.914 val_iou:   
                                                               0.646 val_f1:    
                                                               0.785 val_recall:
                                                               0.726            
                                                               val_precision:   
                                                               0.855            
Epoch 46/-2 ━━━━━━━━━━━━━━━━ 500/500 0:05:13 •        1.60it/s v_num: 0.000     
                                     0:00:00                   train_loss_step: 
                                                               0.019            
                                                               train_loss_epoch:
                                                               0.015 val_loss:  
                                                               0.658 val_oa:    
                                                               0.914 val_iou:   
                                                               0.646 val_f1:    
                                                               0.785 val_recall:
                                                               0.726            
                                                               val_precision:   
                                                               0.855            
Epoch 47/-2 ━━━━━━━━━━━━━━━━ 500/500 0:05:12 •        1.62it/s v_num: 0.000     
                                     0:00:00                   train_loss_step: 
                                                               0.011            
                                                               train_loss_epoch:
                                                               0.015 val_loss:  
                                                               0.693 val_oa:    
                                                               0.914 val_iou:   
                                                               0.647 val_f1:    
                                                               0.786 val_recall:
                                                               0.732            
                                                               val_precision:   
                                                               0.847            
Epoch 48/-2 ━━━━━━━━━━━━━━━━ 500/500 0:05:12 •        1.60it/s v_num: 0.000     
                                     0:00:00                   train_loss_step: 
                                                               0.013            
                                                               train_loss_epoch:
                                                               0.015 val_loss:  
                                                               0.693 val_oa:    
                                                               0.914 val_iou:   
                                                               0.647 val_f1:    
                                                               0.786 val_recall:
                                                               0.732            
                                                               val_precision:   
                                                               0.847            
Epoch 49/-2 ━━━━━━━━━━━━━━━━ 500/500 0:05:16 •        1.58it/s v_num: 0.000     
                                     0:00:00                   train_loss_step: 
                                                               0.017            
                                                               train_loss_epoch:
                                                               0.015 val_loss:  
                                                               0.705 val_oa:    
                                                               0.914 val_iou:   
                                                               0.650 val_f1:    
                                                               0.788 val_recall:
                                                               0.740            
                                                               val_precision:   
                                                               0.843            
Epoch 50/-2 ━━━━━━━━━━━━━━━━ 500/500 0:05:13 •        1.62it/s v_num: 0.000     
                                     0:00:00                   train_loss_step: 
                                                               0.012            
                                                               train_loss_epoch:
                                                               0.014 val_loss:  
                                                               0.705 val_oa:    
                                                               0.914 val_iou:   
                                                               0.650 val_f1:    
                                                               0.788 val_recall:
                                                               0.740            
                                                               val_precision:   
                                                               0.843            
Epoch 51/-2 ━━━━━━━━━━━━━━━━ 500/500 0:05:16 •        1.62it/s v_num: 0.000     
                                     0:00:00                   train_loss_step: 
                                                               0.013            
                                                               train_loss_epoch:
                                                               0.014 val_loss:  
                                                               0.682 val_oa:    
                                                               0.914 val_iou:   
                                                               0.648 val_f1:    
                                                               0.787 val_recall:
                                                               0.732            
                                                               val_precision:   
                                                               0.850            
Epoch 52/-2 ━━━━━━━━━━━━━━━━ 500/500 0:05:13 •        1.63it/s v_num: 0.000     
                                     0:00:00                   train_loss_step: 
                                                               0.014            
                                                               train_loss_epoch:
                                                               0.014 val_loss:  
                                                               0.682 val_oa:    
                                                               0.914 val_iou:   
                                                               0.648 val_f1:    
                                                               0.787 val_recall:
                                                               0.732            
                                                               val_precision:   
                                                               0.850            
Epoch 53/-2 ━━━━━━━━━━━━━━━━ 500/500 0:05:12 •        1.64it/s v_num: 0.000     
                                     0:00:00                   train_loss_step: 
                                                               0.014            
                                                               train_loss_epoch:
                                                               0.014 val_loss:  
                                                               0.695 val_oa:    
                                                               0.915 val_iou:   
                                                               0.650 val_f1:    
                                                               0.788 val_recall:
                                                               0.731            
                                                               val_precision:   
                                                               0.854            
Epoch 54/-2 ━━━━━━━━━━━━━━━━ 500/500 0:05:11 •        1.62it/s v_num: 0.000     
                                     0:00:00                   train_loss_step: 
                                                               0.016            
                                                               train_loss_epoch:
                                                               0.014 val_loss:  
                                                               0.695 val_oa:    
                                                               0.915 val_iou:   
                                                               0.650 val_f1:    
                                                               0.788 val_recall:
                                                               0.731            
                                                               val_precision:   
                                                               0.854            
Epoch 55/-2 ━━━━━━━━━━━━━━━━ 500/500 0:05:11 •        1.61it/s v_num: 0.000     
                                     0:00:00                   train_loss_step: 
                                                               0.017            
                                                               train_loss_epoch:
                                                               0.014 val_loss:  
                                                               0.697 val_oa:    
                                                               0.916 val_iou:   
                                                               0.656 val_f1:    
                                                               0.793 val_recall:
                                                               0.749            
                                                               val_precision:   
                                                               0.841            
Epoch 56/-2 ━━━━━━━━━━━━━━━━ 500/500 0:05:10 •        1.60it/s v_num: 0.000     
                                     0:00:00                   train_loss_step: 
                                                               0.011            
                                                               train_loss_epoch:
                                                               0.013 val_loss:  
                                                               0.697 val_oa:    
                                                               0.916 val_iou:   
                                                               0.656 val_f1:    
                                                               0.793 val_recall:
                                                               0.749            
                                                               val_precision:   
                                                               0.841            
Epoch 57/-2 ━━━━━━━━━━━━━━━━ 500/500 0:05:10 •        1.63it/s v_num: 0.000     
                                     0:00:00                   train_loss_step: 
                                                               0.013            
                                                               train_loss_epoch:
                                                               0.013 val_loss:  
                                                               0.739 val_oa:    
                                                               0.914 val_iou:   
                                                               0.649 val_f1:    
                                                               0.787 val_recall:
                                                               0.736            
                                                               val_precision:   
                                                               0.845            
Epoch 58/-2 ━━━━━━━━━━━━━━━━ 500/500 0:05:14 •        1.57it/s v_num: 0.000     
                                     0:00:00                   train_loss_step: 
                                                               0.013            
                                                               train_loss_epoch:
                                                               0.013 val_loss:  
                                                               0.739 val_oa:    
                                                               0.914 val_iou:   
                                                               0.649 val_f1:    
                                                               0.787 val_recall:
                                                               0.736            
                                                               val_precision:   
                                                               0.845            
Epoch 59/-2 ━━━━━━━━━━━━━━━━ 500/500 0:05:08 •        1.62it/s v_num: 0.000     
                                     0:00:00                   train_loss_step: 
                                                               0.015            
                                                               train_loss_epoch:
                                                               0.013 val_loss:  
                                                               0.693 val_oa:    
                                                               0.915 val_iou:   
                                                               0.651 val_f1:    
                                                               0.789 val_recall:
                                                               0.735            
                                                               val_precision:   
                                                               0.850            
OverallAccuracy: 0.92106736
MeanF1: 0.8870808780193329
MeanIoU: 0.8026612997055054
Kappa: 0.77429444
ClassIoU: [0.90300435 0.70231825]
ClassF1: [0.94903028 0.82513148]
ClassRecall: [0.96161914 0.78966445]
ClassPrecision: [0.93676674 0.86393434]
Testing ━━━━━━━━━━━━━━━━━━━━━━━━━━━━━━━━━━━ 167/167 0:00:36 • 0:00:00 4.55it/s 
OverallAccuracy: 0.92106736
MeanF1: 0.8870808780193329
MeanIoU: 0.8026612997055054
Kappa: 0.77429444
ClassIoU: [0.90300435 0.70231825]
ClassF1: [0.94903028 0.82513148]
ClassRecall: [0.96161914 0.78966445]
ClassPrecision: [0.93676674 0.86393434]
